<?xml version="1.0" encoding="UTF-8"?>
<!-- Generated by org.testng.reporters.JUnitReportReporter -->
<testsuite hostname="DESKTOP-46ANOF5" failures="0" tests="1" name="Runner.TestNGRunner" time="7.041" errors="0" timestamp="2025-10-30T15:01:17 IST" skipped="0">
  <testcase classname="Runner.TestNGRunner" name="runScenario" time="7.041"/>
</testsuite> <!-- Runner.TestNGRunner -->
